<?xml version="1.0" encoding="UTF-8"?>
<!-- Generated by org.testng.reporters.JUnitReportReporter -->
<testsuite skipped="0" hostname="ASDP1728PO02529" name="com.training.computerDatabase.AppTest" tests="3" failures="0" timestamp="11 Jul 2017 07:36:26 GMT" time="4.572" errors="0">
  <testcase name="addComputer" time="3.111" classname="com.training.computerDatabase.AppTest"/>
  <testcase name="searchComputer" time="1.205" classname="com.training.computerDatabase.AppTest"/>
  <testcase name="loadSite" time="0.256" classname="com.training.computerDatabase.AppTest"/>
</testsuite> <!-- com.training.computerDatabase.AppTest -->
