<?xml version="1.0" encoding="UTF-8"?>
<!-- Generated by org.testng.reporters.JUnitReportReporter -->
<testsuite skipped="0" hostname="ASDP1728PO02529" name="com.training.computerDatabase.ApiTest" tests="1" failures="0" timestamp="11 Jul 2017 07:38:27 GMT" time="3.106" errors="0">
  <testcase name="gettingDataFromInput" time="3.106" classname="com.training.computerDatabase.ApiTest"/>
</testsuite> <!-- com.training.computerDatabase.ApiTest -->
