<?xml version="1.0" encoding="UTF-8"?>
<!-- Generated by org.testng.reporters.JUnitReportReporter -->
<testsuite skipped="0" hostname="ASDP1728PO02529" name="com.training.computerDatabase.UITest" tests="3" failures="0" timestamp="11 Jul 2017 07:38:27 GMT" time="4.656" errors="0">
  <testcase name="addComputer" time="3.146" classname="com.training.computerDatabase.UITest"/>
  <testcase name="searchComputer" time="1.250" classname="com.training.computerDatabase.UITest"/>
  <testcase name="loadSite" time="0.260" classname="com.training.computerDatabase.UITest"/>
</testsuite> <!-- com.training.computerDatabase.UITest -->
